[debug] [2017-11-09T19:21:16.600Z] ----------------------------------------------------------------------
[debug] [2017-11-09T19:21:16.603Z] Command:       C:\Program Files\nodejs\node.exe C:\Users\lutfu\AppData\Local\Yarn\config\global\node_modules\firebase-tools\bin\firebase deploy
[debug] [2017-11-09T19:21:16.604Z] CLI Version:   3.13.1
[debug] [2017-11-09T19:21:16.604Z] Platform:      win32
[debug] [2017-11-09T19:21:16.604Z] Node Version:  v6.11.4
[debug] [2017-11-09T19:21:16.604Z] Time:          Thu Nov 09 2017 22:21:16 GMT+0300 (Türkiye Standart Saati)
[debug] [2017-11-09T19:21:16.605Z] ----------------------------------------------------------------------
[debug] 
[debug] [2017-11-09T19:21:16.619Z] > command requires scopes: ["email","openid","https://www.googleapis.com/auth/cloudplatformprojects.readonly","https://www.googleapis.com/auth/firebase","https://www.googleapis.com/auth/cloud-platform"]
[debug] [2017-11-09T19:21:16.620Z] > authorizing via signed-in user
[debug] [2017-11-09T19:21:16.622Z] > refreshing access token with scopes: ["email","https://www.googleapis.com/auth/cloud-platform","https://www.googleapis.com/auth/cloudplatformprojects.readonly","https://www.googleapis.com/auth/firebase","openid"]
[debug] [2017-11-09T19:21:16.622Z] >>> HTTP REQUEST POST https://www.googleapis.com/oauth2/v3/token { refresh_token: '1/5O3N6otvtA1Tk4IOt4Z8rgOV1BGj4QMt-Y1B5J6HBiI',
  client_id: '563584335869-fgrhgmd47bqnekij5i8b5pr03ho849e6.apps.googleusercontent.com',
  client_secret: 'j9iVZfS8kkCEFUPaAeJV0sAi',
  grant_type: 'refresh_token',
  scope: 'email https://www.googleapis.com/auth/cloud-platform https://www.googleapis.com/auth/cloudplatformprojects.readonly https://www.googleapis.com/auth/firebase openid' } 
 Thu Nov 09 2017 22:21:16 GMT+0300 (Türkiye Standart Saati)
[debug] [2017-11-09T19:21:16.991Z] <<< HTTP RESPONSE 200
[debug] [2017-11-09T19:21:17.021Z] >>> HTTP REQUEST GET https://admin.firebase.com/v1/projects/goofies-vue-template  
 Thu Nov 09 2017 22:21:17 GMT+0300 (Türkiye Standart Saati)
[debug] [2017-11-09T19:21:17.952Z] <<< HTTP RESPONSE 200
[debug] [2017-11-09T19:21:17.953Z] >>> HTTP REQUEST GET https://admin.firebase.com/v1/database/goofies-vue-template/tokens  
 Thu Nov 09 2017 22:21:17 GMT+0300 (Türkiye Standart Saati)
[debug] [2017-11-09T19:21:18.895Z] <<< HTTP RESPONSE 200
[info] 2
[info] 
[info] === Deploying to 'goofies-vue-template'...
[info] 
[info] i  deploying functions, hosting
[debug] [2017-11-09T19:21:20.713Z] > [functions] package.json contents: {
  "name": "vue-ssr-template",
  "description": "Template for Vue Firebase SSR",
  "author": "Chuissi <lutfucankaplan@gmail.com>",
  "version": "0.0.1",
  "scripts": {
    "dev": "node server",
    "start": "cross-env NODE_ENV=production node server",
    "build": "rimraf dist && npm run build:client && npm run build:server",
    "build:client": "cross-env NODE_ENV=production webpack --config build/webpack.client.config.js --progress --hide-modules",
    "build:server": "cross-env NODE_ENV=production webpack --config build/webpack.server.config.js --progress --hide-modules"
  },
  "engines": {
    "node": ">=7.0",
    "npm": ">=4.0"
  },
  "dependencies": {
    "babel-polyfill": "^6.23.0",
    "babel-runtime": "^6.26.0",
    "compression": "^1.6.2",
    "cross-env": "^5.0.0",
    "es6-promise": "^4.1.0",
    "express": "^4.15.2",
    "extract-text-webpack-plugin": "^2.1.0",
    "firebase": "^4.6.0",
    "firebase-admin": "~5.4.0",
    "firebase-functions": "^0.7.0",
    "lru-cache": "^4.1.1",
    "normalize.css": "^7.0.0",
    "serialize-javascript": "^1.3.0",
    "serve-favicon": "^2.3.2",
    "vue": "^2.4.2",
    "vue-router": "^2.5.3",
    "vue-server-renderer": "^2.4.2",
    "vuex": "^2.3.1",
    "vuex-router-sync": "^4.1.2"
  },
  "devDependencies": {
    "autoprefixer": "^7.1.1",
    "babel-core": "^6.22.1",
    "babel-loader": "^7.0.0",
    "babel-plugin-transform-runtime": "^6.22.0",
    "babel-preset-env": "^1.6.0",
    "babel-preset-stage-2": "^6.24.1",
    "babel-register": "^6.22.0",
    "css-loader": "^0.28.0",
    "eventsource-polyfill": "^0.9.6",
    "file-loader": "^0.11.1",
    "friendly-errors-webpack-plugin": "^1.6.1",
    "highlight.js": "^9.8.0",
    "html-webpack-plugin": "^2.24.1",
    "node-sass": "^4.5.3",
    "pug": "^2.0.0-beta3",
    "rimraf": "^2.6.1",
    "sass-loader": "^6.0.6",
    "script-ext-html-webpack-plugin": "^1.3.4",
    "style-loader": "^0.18.1",
    "stylus": "^0.54.5",
    "stylus-loader": "^3.0.1",
    "sw-precache-webpack-plugin": "^0.9.1",
    "url-loader": "^0.5.8",
    "vue-loader": "^12.0.3",
    "vue-style-loader": "^3.0.0",
    "vue-template-compiler": "^2.4.2",
    "webpack": "^2.2.1",
    "webpack-dev-middleware": "^1.10.1",
    "webpack-hot-middleware": "^2.17.1",
    "webpack-merge": "^4.0.0",
    "webpack-node-externals": "^1.5.4"
  }
}
[info] i  functions: ensuring necessary APIs are enabled...
[info] i  runtimeconfig: ensuring necessary APIs are enabled...
[debug] [2017-11-09T19:21:20.716Z] >>> HTTP REQUEST GET https://servicemanagement.googleapis.com/v1/services/cloudfunctions.googleapis.com/projectSettings/goofies-vue-template?view=CONSUMER_VIEW  
 Thu Nov 09 2017 22:21:20 GMT+0300 (Türkiye Standart Saati)
[debug] [2017-11-09T19:21:20.717Z] >>> HTTP REQUEST GET https://servicemanagement.googleapis.com/v1/services/runtimeconfig.googleapis.com/projectSettings/goofies-vue-template?view=CONSUMER_VIEW  
 Thu Nov 09 2017 22:21:20 GMT+0300 (Türkiye Standart Saati)
[debug] [2017-11-09T19:21:22.087Z] <<< HTTP RESPONSE 200
[info] +  runtimeconfig: all necessary APIs are enabled
[debug] [2017-11-09T19:21:22.212Z] <<< HTTP RESPONSE 200
[info] +  functions: all necessary APIs are enabled
[debug] [2017-11-09T19:21:22.214Z] >>> HTTP REQUEST GET https://appengine.googleapis.com/v1/apps/goofies-vue-template  
 Thu Nov 09 2017 22:21:22 GMT+0300 (Türkiye Standart Saati)
[debug] [2017-11-09T19:21:22.214Z] >>> HTTP REQUEST GET https://apikeys.googleapis.com/v1/projects/goofies-vue-template/apiKeys  
 Thu Nov 09 2017 22:21:22 GMT+0300 (Türkiye Standart Saati)
[debug] [2017-11-09T19:21:23.295Z] <<< HTTP RESPONSE 200
[debug] [2017-11-09T19:21:23.417Z] <<< HTTP RESPONSE 200
[info] i  functions: preparing  directory for uploading...
[debug] [2017-11-09T19:26:10.723Z] >>> HTTP REQUEST GET https://runtimeconfig.googleapis.com/v1beta1/projects/goofies-vue-template/configs  
 Thu Nov 09 2017 22:26:10 GMT+0300 (Türkiye Standart Saati)
[debug] [2017-11-09T19:26:11.179Z] <<< HTTP RESPONSE 200
[info] i  functions: packaged  (751.6 KB) for uploading
[debug] [2017-11-09T19:26:37.365Z] >>> HTTP REQUEST GET https://www.googleapis.com/storage/v1/b/staging.goofies-vue-template.appspot.com  
 Thu Nov 09 2017 22:26:37 GMT+0300 (Türkiye Standart Saati)
[debug] [2017-11-09T19:26:37.615Z] <<< HTTP RESPONSE 200
[debug] [2017-11-09T19:26:37.615Z] >>> HTTP REQUEST POST https://www.googleapis.com/upload/storage/v1/b/staging.goofies-vue-template.appspot.com/o?uploadType=media&name=firebase-functions-source ReadStream {
  _readableState: 
   ReadableState {
     objectMode: false,
     highWaterMark: 65536,
     buffer: BufferList { head: [Object], tail: [Object], length: 1 },
     length: 65536,
     pipes: null,
     pipesCount: 0,
     flowing: null,
     ended: false,
     endEmitted: false,
     reading: false,
     sync: false,
     needReadable: false,
     emittedReadable: true,
     readableListening: false,
     resumeScheduled: false,
     defaultEncoding: 'utf8',
     ranOut: false,
     awaitDrain: 0,
     readingMore: false,
     decoder: null,
     encoding: null },
  readable: true,
  domain: null,
  _events: { end: [Function] },
  _eventsCount: 1,
  _maxListeners: undefined,
  path: 'C:\\Users\\lutfu\\AppData\\Local\\Temp\\firebase-functions-13148jIHoh87fCq42.zip',
  fd: 5,
  flags: 'r',
  mode: 438,
  start: undefined,
  end: undefined,
  autoClose: true,
  pos: undefined,
  bytesRead: 65536 } 
 Thu Nov 09 2017 22:26:37 GMT+0300 (Türkiye Standart Saati)
[debug] [2017-11-09T19:26:38.783Z] <<< HTTP RESPONSE 200
[info] +  functions:  folder uploaded successfully
[info] i  hosting: preparing public directory for upload...
[warn] !  Warning: Public directory does not contain index.html
[debug] [2017-11-09T19:26:38.847Z] >>> HTTP REQUEST PUT https://deploy.firebase.com/v1/hosting/goofies-vue-template/uploads/-KyXDh5P67UyHjlOd4fR?fileCount=13&message=  
 Thu Nov 09 2017 22:26:38 GMT+0300 (Türkiye Standart Saati)
[debug] [2017-11-09T19:26:40.898Z] <<< HTTP RESPONSE 200
[debug] [2017-11-09T19:26:40.898Z] [hosting] .tgz uploaded successfully, waiting for extraction
[info] +  hosting: 13 files uploaded successfully
[info] i  starting release process (may take several minutes)...
[debug] [2017-11-09T19:26:41.742Z] >>> HTTP REQUEST GET https://cloudfunctions.googleapis.com/v1beta2/projects/goofies-vue-template/locations/us-central1/functions  
 Thu Nov 09 2017 22:26:41 GMT+0300 (Türkiye Standart Saati)
[debug] [2017-11-09T19:26:42.194Z] <<< HTTP RESPONSE 200
[info] i  functions: updating function app...
[debug] [2017-11-09T19:26:42.194Z] Trigger is: 
[debug] [2017-11-09T19:26:42.194Z] >>> HTTP REQUEST PUT https://cloudfunctions.googleapis.com/v1beta2/projects/goofies-vue-template/locations/us-central1/functions/app { sourceArchiveUrl: 'gs://staging.goofies-vue-template.appspot.com/firebase-functions-source',
  name: 'projects/goofies-vue-template/locations/us-central1/functions/app',
  entryPoint: 'app',
  timeout: '60s',
  availableMemoryMb: 256,
  httpsTrigger: {} } 
 Thu Nov 09 2017 22:26:42 GMT+0300 (Türkiye Standart Saati)
[debug] [2017-11-09T19:26:43.131Z] <<< HTTP RESPONSE 200
[debug] [2017-11-09T19:26:43.131Z] >>> HTTP REQUEST GET https://cloudfunctions.googleapis.com/v1beta2/projects/goofies-vue-template/locations/us-central1/functions  
 Thu Nov 09 2017 22:26:43 GMT+0300 (Türkiye Standart Saati)
[debug] [2017-11-09T19:26:43.131Z] >>> HTTP REQUEST GET https://cloudfunctions.googleapis.com/v1beta2/operations/Z29vZmllcy12dWUtdGVtcGxhdGUvdXMtY2VudHJhbDEvYXBwL1BmbVlacWNaVUJz  
 Thu Nov 09 2017 22:26:43 GMT+0300 (Türkiye Standart Saati)
[debug] [2017-11-09T19:26:43.499Z] <<< HTTP RESPONSE 200
[debug] [2017-11-09T19:26:43.499Z] [functions] operation poll: app: update operations/Z29vZmllcy12dWUtdGVtcGxhdGUvdXMtY2VudHJhbDEvYXBwL1BmbVlacWNaVUJz is not done.
[debug] [2017-11-09T19:26:43.550Z] <<< HTTP RESPONSE 200
[debug] [2017-11-09T19:26:48.517Z] >>> HTTP REQUEST GET https://cloudfunctions.googleapis.com/v1beta2/operations/Z29vZmllcy12dWUtdGVtcGxhdGUvdXMtY2VudHJhbDEvYXBwL1BmbVlacWNaVUJz  
 Thu Nov 09 2017 22:26:48 GMT+0300 (Türkiye Standart Saati)
[debug] [2017-11-09T19:26:48.828Z] <<< HTTP RESPONSE 200
[debug] [2017-11-09T19:26:48.828Z] [functions] operation poll: app: update operations/Z29vZmllcy12dWUtdGVtcGxhdGUvdXMtY2VudHJhbDEvYXBwL1BmbVlacWNaVUJz is not done.
[debug] [2017-11-09T19:26:53.845Z] >>> HTTP REQUEST GET https://cloudfunctions.googleapis.com/v1beta2/operations/Z29vZmllcy12dWUtdGVtcGxhdGUvdXMtY2VudHJhbDEvYXBwL1BmbVlacWNaVUJz  
 Thu Nov 09 2017 22:26:53 GMT+0300 (Türkiye Standart Saati)
[debug] [2017-11-09T19:26:54.187Z] <<< HTTP RESPONSE 200
[debug] [2017-11-09T19:26:54.188Z] [functions] operation poll: app: update operations/Z29vZmllcy12dWUtdGVtcGxhdGUvdXMtY2VudHJhbDEvYXBwL1BmbVlacWNaVUJz is not done.
[debug] [2017-11-09T19:26:59.198Z] >>> HTTP REQUEST GET https://cloudfunctions.googleapis.com/v1beta2/operations/Z29vZmllcy12dWUtdGVtcGxhdGUvdXMtY2VudHJhbDEvYXBwL1BmbVlacWNaVUJz  
 Thu Nov 09 2017 22:26:59 GMT+0300 (Türkiye Standart Saati)
[debug] [2017-11-09T19:26:59.776Z] <<< HTTP RESPONSE 200
[debug] [2017-11-09T19:26:59.776Z] [functions] operation poll: app: update operations/Z29vZmllcy12dWUtdGVtcGxhdGUvdXMtY2VudHJhbDEvYXBwL1BmbVlacWNaVUJz is not done.
[debug] [2017-11-09T19:27:04.793Z] >>> HTTP REQUEST GET https://cloudfunctions.googleapis.com/v1beta2/operations/Z29vZmllcy12dWUtdGVtcGxhdGUvdXMtY2VudHJhbDEvYXBwL1BmbVlacWNaVUJz  
 Thu Nov 09 2017 22:27:04 GMT+0300 (Türkiye Standart Saati)
[debug] [2017-11-09T19:27:05.092Z] <<< HTTP RESPONSE 200
[debug] [2017-11-09T19:27:05.092Z] [functions] operation poll: app: update operations/Z29vZmllcy12dWUtdGVtcGxhdGUvdXMtY2VudHJhbDEvYXBwL1BmbVlacWNaVUJz is not done.
[debug] [2017-11-09T19:28:33.330Z] ----------------------------------------------------------------------
[debug] [2017-11-09T19:28:33.330Z] Command:       C:\Program Files\nodejs\node.exe C:\Users\lutfu\AppData\Local\Yarn\config\global\node_modules\firebase-tools\bin\firebase serve --only functions,hosting
[debug] [2017-11-09T19:28:33.330Z] CLI Version:   3.13.1
[debug] [2017-11-09T19:28:33.330Z] Platform:      win32
[debug] [2017-11-09T19:28:33.330Z] Node Version:  v6.11.4
[debug] [2017-11-09T19:28:33.330Z] Time:          Thu Nov 09 2017 22:28:33 GMT+0300 (Türkiye Standart Saati)
[debug] [2017-11-09T19:28:33.330Z] ----------------------------------------------------------------------
[debug] 
[debug] [2017-11-09T19:28:33.346Z] > command requires scopes: ["email","openid","https://www.googleapis.com/auth/cloudplatformprojects.readonly","https://www.googleapis.com/auth/firebase","https://www.googleapis.com/auth/cloud-platform"]
[debug] [2017-11-09T19:28:33.346Z] > authorizing via signed-in user
[debug] [2017-11-09T19:28:33.346Z] >>> HTTP REQUEST GET https://admin.firebase.com/v1/projects/goofies-vue-template  
 Thu Nov 09 2017 22:28:33 GMT+0300 (Türkiye Standart Saati)
[debug] [2017-11-09T19:28:34.351Z] <<< HTTP RESPONSE 200
[debug] [2017-11-09T19:28:34.351Z] >>> HTTP REQUEST GET https://admin.firebase.com/v1/database/goofies-vue-template/tokens  
 Thu Nov 09 2017 22:28:34 GMT+0300 (Türkiye Standart Saati)
[debug] [2017-11-09T19:28:35.153Z] <<< HTTP RESPONSE 200
[info] 
[info] === Serving from 'C:\Users\lutfu\projects\vue-ssr-template'...
[info] 
[info] i  functions: Preparing to emulate functions.
[debug] [2017-11-09T19:28:35.782Z] >>> HTTP REQUEST GET https://appengine.googleapis.com/v1/apps/goofies-vue-template  
 Thu Nov 09 2017 22:28:35 GMT+0300 (Türkiye Standart Saati)
[debug] [2017-11-09T19:28:35.783Z] >>> HTTP REQUEST GET https://apikeys.googleapis.com/v1/projects/goofies-vue-template/apiKeys  
 Thu Nov 09 2017 22:28:35 GMT+0300 (Türkiye Standart Saati)
[debug] [2017-11-09T19:28:35.783Z] >>> HTTP REQUEST GET https://cloudresourcemanager.googleapis.com/v1/projects/goofies-vue-template  
 Thu Nov 09 2017 22:28:35 GMT+0300 (Türkiye Standart Saati)
[debug] [2017-11-09T19:28:36.755Z] <<< HTTP RESPONSE 200
[debug] [2017-11-09T19:28:36.848Z] <<< HTTP RESPONSE 200
[debug] [2017-11-09T19:28:36.848Z] >>> HTTP REQUEST GET https://mobilesdk-pa.googleapis.com/v1/projects/1056039060834/clients/_:getWebAppConfig  
 Thu Nov 09 2017 22:28:36 GMT+0300 (Türkiye Standart Saati)
[debug] [2017-11-09T19:28:37.014Z] <<< HTTP RESPONSE 200
[debug] [2017-11-09T19:28:37.929Z] <<< HTTP RESPONSE 200
[info] i  hosting: Serving hosting files from: public
[info] +  hosting: Local server: http://localhost:5000

[info] +  functions: app: http://localhost:5001/goofies-vue-template/us-central1/app
[info] [hosting] Rewriting / to local function app
[info] [hosting] Rewriting / to local function app
[info] [hosting] Rewriting / to local function app
[info] Shutting down...
